
 /----------------------------------------------------------------------------\
 |                                                                            |
 |  yosys -- Yosys Open SYnthesis Suite                                       |
 |                                                                            |
 |  Copyright (C) 2012 - 2020  Claire Xenia Wolf <claire@yosyshq.com>         |
 |                                                                            |
 |  Permission to use, copy, modify, and/or distribute this software for any  |
 |  purpose with or without fee is hereby granted, provided that the above    |
 |  copyright notice and this permission notice appear in all copies.         |
 |                                                                            |
 |  THE SOFTWARE IS PROVIDED "AS IS" AND THE AUTHOR DISCLAIMS ALL WARRANTIES  |
 |  WITH REGARD TO THIS SOFTWARE INCLUDING ALL IMPLIED WARRANTIES OF          |
 |  MERCHANTABILITY AND FITNESS. IN NO EVENT SHALL THE AUTHOR BE LIABLE FOR   |
 |  ANY SPECIAL, DIRECT, INDIRECT, OR CONSEQUENTIAL DAMAGES OR ANY DAMAGES    |
 |  WHATSOEVER RESULTING FROM LOSS OF USE, DATA OR PROFITS, WHETHER IN AN     |
 |  ACTION OF CONTRACT, NEGLIGENCE OR OTHER TORTIOUS ACTION, ARISING OUT OF   |
 |  OR IN CONNECTION WITH THE USE OR PERFORMANCE OF THIS SOFTWARE.            |
 |                                                                            |
 \----------------------------------------------------------------------------/

 Yosys 0.13+3 (git sha1 61324cf55, clang 10.0.0-4ubuntu1 -fPIC -Os)


-- Executing script file `top.ys' --

1. Executing RTLIL frontend.
Input filename: top.il

2. Executing SYNTH_ECP5 pass.

2.1. Executing Verilog-2005 frontend: /home/ubuntu/Documents/oss-cad-suite/lib/../share/yosys/ecp5/cells_sim.v
Parsing Verilog input from `/home/ubuntu/Documents/oss-cad-suite/lib/../share/yosys/ecp5/cells_sim.v' to AST representation.
Generating RTLIL representation for module `\LUT4'.
Generating RTLIL representation for module `\$__ABC9_LUT5'.
Generating RTLIL representation for module `\$__ABC9_LUT6'.
Generating RTLIL representation for module `\$__ABC9_LUT7'.
Generating RTLIL representation for module `\L6MUX21'.
Generating RTLIL representation for module `\CCU2C'.
Generating RTLIL representation for module `\TRELLIS_RAM16X2'.
Generating RTLIL representation for module `\PFUMX'.
Generating RTLIL representation for module `\TRELLIS_DPR16X4'.
Generating RTLIL representation for module `\DPR16X4C'.
Generating RTLIL representation for module `\LUT2'.
Generating RTLIL representation for module `\TRELLIS_FF'.
Generating RTLIL representation for module `\TRELLIS_IO'.
Generating RTLIL representation for module `\INV'.
Generating RTLIL representation for module `\TRELLIS_SLICE'.
Generating RTLIL representation for module `\DP16KD'.
Generating RTLIL representation for module `\FD1P3AX'.
Generating RTLIL representation for module `\FD1P3AY'.
Generating RTLIL representation for module `\FD1P3BX'.
Generating RTLIL representation for module `\FD1P3DX'.
Generating RTLIL representation for module `\FD1P3IX'.
Generating RTLIL representation for module `\FD1P3JX'.
Generating RTLIL representation for module `\FD1S3AX'.
Generating RTLIL representation for module `\FD1S3AY'.
Generating RTLIL representation for module `\FD1S3BX'.
Generating RTLIL representation for module `\FD1S3DX'.
Generating RTLIL representation for module `\FD1S3IX'.
Generating RTLIL representation for module `\FD1S3JX'.
Generating RTLIL representation for module `\IFS1P3BX'.
Generating RTLIL representation for module `\IFS1P3DX'.
Generating RTLIL representation for module `\IFS1P3IX'.
Generating RTLIL representation for module `\IFS1P3JX'.
Generating RTLIL representation for module `\OFS1P3BX'.
Generating RTLIL representation for module `\OFS1P3DX'.
Generating RTLIL representation for module `\OFS1P3IX'.
Generating RTLIL representation for module `\OFS1P3JX'.
Generating RTLIL representation for module `\IB'.
Generating RTLIL representation for module `\IBPU'.
Generating RTLIL representation for module `\IBPD'.
Generating RTLIL representation for module `\OB'.
Generating RTLIL representation for module `\OBZ'.
Generating RTLIL representation for module `\OBZPU'.
Generating RTLIL representation for module `\OBZPD'.
Generating RTLIL representation for module `\OBCO'.
Generating RTLIL representation for module `\BB'.
Generating RTLIL representation for module `\BBPU'.
Generating RTLIL representation for module `\BBPD'.
Generating RTLIL representation for module `\ILVDS'.
Generating RTLIL representation for module `\OLVDS'.
Successfully finished Verilog frontend.

2.2. Executing Verilog-2005 frontend: /home/ubuntu/Documents/oss-cad-suite/lib/../share/yosys/ecp5/cells_bb.v
Parsing Verilog input from `/home/ubuntu/Documents/oss-cad-suite/lib/../share/yosys/ecp5/cells_bb.v' to AST representation.
Generating RTLIL representation for module `\MULT18X18D'.
Generating RTLIL representation for module `\ALU54B'.
Generating RTLIL representation for module `\EHXPLLL'.
Generating RTLIL representation for module `\DTR'.
Generating RTLIL representation for module `\OSCG'.
Generating RTLIL representation for module `\USRMCLK'.
Generating RTLIL representation for module `\JTAGG'.
Generating RTLIL representation for module `\DELAYF'.
Generating RTLIL representation for module `\DELAYG'.
Generating RTLIL representation for module `\IDDRX1F'.
Generating RTLIL representation for module `\IDDRX2F'.
Generating RTLIL representation for module `\IDDR71B'.
Generating RTLIL representation for module `\IDDRX2DQA'.
Generating RTLIL representation for module `\ODDRX1F'.
Generating RTLIL representation for module `\ODDRX2F'.
Generating RTLIL representation for module `\ODDR71B'.
Generating RTLIL representation for module `\OSHX2A'.
Generating RTLIL representation for module `\ODDRX2DQA'.
Generating RTLIL representation for module `\ODDRX2DQSB'.
Generating RTLIL representation for module `\TSHX2DQA'.
Generating RTLIL representation for module `\TSHX2DQSA'.
Generating RTLIL representation for module `\DQSBUFM'.
Generating RTLIL representation for module `\DDRDLLA'.
Generating RTLIL representation for module `\DLLDELD'.
Generating RTLIL representation for module `\CLKDIVF'.
Generating RTLIL representation for module `\ECLKSYNCB'.
Generating RTLIL representation for module `\ECLKBRIDGECS'.
Generating RTLIL representation for module `\DCCA'.
Generating RTLIL representation for module `\DCSC'.
Generating RTLIL representation for module `\DCUA'.
Generating RTLIL representation for module `\EXTREFB'.
Generating RTLIL representation for module `\PCSCLKDIV'.
Generating RTLIL representation for module `\PUR'.
Generating RTLIL representation for module `\GSR'.
Generating RTLIL representation for module `\SGSR'.
Generating RTLIL representation for module `\PDPW16KD'.
Successfully finished Verilog frontend.

2.3. Executing HIERARCHY pass (managing design hierarchy).

2.3.1. Analyzing design hierarchy..
Top module:  \top
Used module:     \pin_button_right_0
Used module:     \pin_button_left_0
Used module:     \pin_button_down_0
Used module:     \pin_button_up_0
Used module:     \pin_button_fire_1
Used module:     \pin_button_fire_0
Used module:     \pin_button_pwr_0
Used module:     \pin_clk25_0
Used module:     \pin_uart_0__dtr
Used module:     \pin_uart_0__rts
Used module:     \pin_uart_0__tx
Used module:     \pin_uart_0__rx
Used module:     \pin_esp32_spi_0__gpio16_sclk
Used module:     \pin_esp32_spi_0__gpio12_cipo
Used module:     \pin_esp32_spi_0__gpio5_cs
Used module:     \pin_esp32_spi_0__gpio4_copi
Used module:     \pin_esp32_spi_0__gpio0
Used module:     \pin_esp32_spi_0__rx
Used module:     \pin_esp32_spi_0__tx
Used module:     \pin_esp32_spi_0__en
Used module:     \pin_led_7
Used module:     \pin_led_6
Used module:     \pin_led_5
Used module:     \pin_led_4
Used module:     \pin_led_3
Used module:     \pin_led_2
Used module:     \pin_led_1
Used module:     \pin_led_0
Used module:     \tb
Used module:         \delayer
Used module:     \i_button_ffsync

2.3.2. Analyzing design hierarchy..
Top module:  \top
Used module:     \pin_button_right_0
Used module:     \pin_button_left_0
Used module:     \pin_button_down_0
Used module:     \pin_button_up_0
Used module:     \pin_button_fire_1
Used module:     \pin_button_fire_0
Used module:     \pin_button_pwr_0
Used module:     \pin_clk25_0
Used module:     \pin_uart_0__dtr
Used module:     \pin_uart_0__rts
Used module:     \pin_uart_0__tx
Used module:     \pin_uart_0__rx
Used module:     \pin_esp32_spi_0__gpio16_sclk
Used module:     \pin_esp32_spi_0__gpio12_cipo
Used module:     \pin_esp32_spi_0__gpio5_cs
Used module:     \pin_esp32_spi_0__gpio4_copi
Used module:     \pin_esp32_spi_0__gpio0
Used module:     \pin_esp32_spi_0__rx
Used module:     \pin_esp32_spi_0__tx
Used module:     \pin_esp32_spi_0__en
Used module:     \pin_led_7
Used module:     \pin_led_6
Used module:     \pin_led_5
Used module:     \pin_led_4
Used module:     \pin_led_3
Used module:     \pin_led_2
Used module:     \pin_led_1
Used module:     \pin_led_0
Used module:     \tb
Used module:         \delayer
Used module:     \i_button_ffsync
Removed 0 unused modules.

2.4. Executing PROC pass (convert processes to netlists).

2.4.1. Executing PROC_CLEAN pass (remove empty switches from decision trees).
Found and cleaned up 1 empty switch in `\TRELLIS_DPR16X4.$proc$/home/ubuntu/Documents/oss-cad-suite/lib/../share/yosys/ecp5/cells_sim.v:213$119'.
Cleaned up 1 empty switch.

2.4.2. Executing PROC_RMDEAD pass (remove dead branches from decision trees).
Marked 1 switch rules as full_case in process $proc$/home/ubuntu/Documents/oss-cad-suite/lib/../share/yosys/ecp5/cells_sim.v:350$219 in module TRELLIS_FF.
Marked 1 switch rules as full_case in process $proc$/home/ubuntu/Documents/oss-cad-suite/lib/../share/yosys/ecp5/cells_sim.v:285$178 in module DPR16X4C.
Marked 1 switch rules as full_case in process $proc$/home/ubuntu/Documents/oss-cad-suite/lib/../share/yosys/ecp5/cells_sim.v:221$120 in module TRELLIS_DPR16X4.
Removed a total of 0 dead cases.

2.4.3. Executing PROC_PRUNE pass (remove redundant assignments in processes).
Removed 58 redundant assignments.
Promoted 50 assignments to connections.

2.4.4. Executing PROC_INIT pass (extract init attributes).
Found init rule in `\TRELLIS_FF.$proc$/home/ubuntu/Documents/oss-cad-suite/lib/../share/yosys/ecp5/cells_sim.v:0$223'.
  Set init value: \Q = 1'0

2.4.5. Executing PROC_ARST pass (detect async resets in processes).

2.4.6. Executing PROC_MUX pass (convert decision trees to multiplexers).
Creating decoders for process `\TRELLIS_FF.$proc$/home/ubuntu/Documents/oss-cad-suite/lib/../share/yosys/ecp5/cells_sim.v:0$223'.
Creating decoders for process `\TRELLIS_FF.$proc$/home/ubuntu/Documents/oss-cad-suite/lib/../share/yosys/ecp5/cells_sim.v:350$219'.
     1/1: $0\Q[0:0]
Creating decoders for process `\DPR16X4C.$proc$/home/ubuntu/Documents/oss-cad-suite/lib/../share/yosys/ecp5/cells_sim.v:0$201'.
Creating decoders for process `\DPR16X4C.$proc$/home/ubuntu/Documents/oss-cad-suite/lib/../share/yosys/ecp5/cells_sim.v:285$178'.
     1/3: $1$memwr$\ram$/home/ubuntu/Documents/oss-cad-suite/lib/../share/yosys/ecp5/cells_sim.v:287$177_EN[3:0]$184
     2/3: $1$memwr$\ram$/home/ubuntu/Documents/oss-cad-suite/lib/../share/yosys/ecp5/cells_sim.v:287$177_DATA[3:0]$183
     3/3: $1$memwr$\ram$/home/ubuntu/Documents/oss-cad-suite/lib/../share/yosys/ecp5/cells_sim.v:287$177_ADDR[3:0]$182
Creating decoders for process `\TRELLIS_DPR16X4.$proc$/home/ubuntu/Documents/oss-cad-suite/lib/../share/yosys/ecp5/cells_sim.v:0$144'.
Creating decoders for process `\TRELLIS_DPR16X4.$proc$/home/ubuntu/Documents/oss-cad-suite/lib/../share/yosys/ecp5/cells_sim.v:221$120'.
     1/3: $1$memwr$\mem$/home/ubuntu/Documents/oss-cad-suite/lib/../share/yosys/ecp5/cells_sim.v:223$118_EN[3:0]$126
     2/3: $1$memwr$\mem$/home/ubuntu/Documents/oss-cad-suite/lib/../share/yosys/ecp5/cells_sim.v:223$118_DATA[3:0]$125
     3/3: $1$memwr$\mem$/home/ubuntu/Documents/oss-cad-suite/lib/../share/yosys/ecp5/cells_sim.v:223$118_ADDR[3:0]$124
Creating decoders for process `\TRELLIS_DPR16X4.$proc$/home/ubuntu/Documents/oss-cad-suite/lib/../share/yosys/ecp5/cells_sim.v:213$119'.
Creating decoders for process `\top.$group_31'.
Creating decoders for process `\top.$group_23'.
Creating decoders for process `\top.$group_22'.
     1/1: \rst$next
Creating decoders for process `\top.$group_21'.
     1/1: \ui__tb_fanout_flags__trigger$next
Creating decoders for process `\top.$group_20'.
     1/1: \start$next
Creating decoders for process `\top.$group_19'.
     1/1: \tb_ui__load$next
Creating decoders for process `\top.$group_18'.
     1/1: \ui__inactive$next
Creating decoders for process `\top.$group_17'.
     1/1: \ui__done$next
Creating decoders for process `\top.$group_16'.
     1/1: \tb_ui__tb_fanout_flags__trigger$next
Creating decoders for process `\top.$group_15'.
     1/1: \ui__tb_fanin_flags__in_done$next
Creating decoders for process `\top.$group_14'.
     1/1: \ui__tb_fanin_flags__in_start$next
Creating decoders for process `\top.$group_13'.
     1/1: \pin_esp32_spi_0__gpio0_esp32_spi_0__gpio0__o$next
Creating decoders for process `\top.$group_12'.
     1/1: \pin_esp32_spi_0__en_esp32_spi_0__en__o$next
Creating decoders for process `\top.$group_11'.
     1/1: \pin_uart_0__tx_uart_0__tx__o$next
Creating decoders for process `\top.$group_10'.
     1/1: \pin_esp32_spi_0__tx_esp32_spi_0__tx__o$next
Creating decoders for process `\top.$group_9'.
     1/1: \i_button_ffsync_i_unsync_buttons__right$next
Creating decoders for process `\top.$group_8'.
     1/1: \i_button_ffsync_i_unsync_buttons__left$next
Creating decoders for process `\top.$group_7'.
     1/1: \i_button_ffsync_i_unsync_buttons__down$next
Creating decoders for process `\top.$group_6'.
     1/1: \i_button_ffsync_i_unsync_buttons__up$next
Creating decoders for process `\top.$group_5'.
     1/1: \i_button_ffsync_i_unsync_buttons__fireB$next
Creating decoders for process `\top.$group_4'.
     1/1: \i_button_ffsync_i_unsync_buttons__fireA$next
Creating decoders for process `\top.$group_3'.
     1/1: \i_button_ffsync_i_unsync_buttons__pwr$next
Creating decoders for process `\top.$group_2'.
     1/1: \sync_1e6_clk$next
Creating decoders for process `\top.$group_1'.
     1/1: \clk_counter$next
Creating decoders for process `\top.$group_0'.
Creating decoders for process `\pin_button_pwr_0.$group_0'.
Creating decoders for process `\pin_esp32_spi_0__gpio5_cs.$group_0'.
Creating decoders for process `\tb.$group_12'.
     1/1: \delay_fsm_state$next
Creating decoders for process `\tb.$group_11'.
     1/1: \fsm_state$next
Creating decoders for process `\tb.$group_10'.
     1/1: \_ui__tb_fanin_flags__in_done$next
Creating decoders for process `\tb.$group_9'.
     1/1: \_ui__tb_fanin_flags__in_start$next
Creating decoders for process `\tb.$group_8'.
     1/1: \delayer_ui__load$next
Creating decoders for process `\tb.$group_7'.
     1/1: \_ui__inactive$next
Creating decoders for process `\tb.$group_6'.
     1/1: \_ui__done$next
Creating decoders for process `\tb.$group_5'.
     1/1: \_ui__load$next
Creating decoders for process `\tb.$group_4'.
     1/1: \ui__inactive$next
Creating decoders for process `\tb.$group_3'.
     1/1: \ui__done$next
Creating decoders for process `\tb.$group_2'.
     1/1: \_ui__tb_fanout_flags__trigger$next
Creating decoders for process `\tb.$group_1'.
     1/1: \ui__tb_fanin_flags__in_done$next
Creating decoders for process `\tb.$group_0'.
     1/1: \ui__tb_fanin_flags__in_start$next
Creating decoders for process `\delayer.$group_5'.
     1/1: \_ui__inactive$next
Creating decoders for process `\delayer.$group_4'.
     1/1: \_ui__done$next
Creating decoders for process `\delayer.$group_3'.
     1/1: \countdown$next
Creating decoders for process `\delayer.$group_2'.
     1/1: \_ui__load$next
Creating decoders for process `\delayer.$group_1'.
     1/1: \ui__inactive$next
Creating decoders for process `\delayer.$group_0'.
     1/1: \ui__done$next
Creating decoders for process `\i_button_ffsync.$group_2'.
Creating decoders for process `\i_button_ffsync.$group_1'.
Creating decoders for process `\i_button_ffsync.$group_0'.

2.4.7. Executing PROC_DLATCH pass (convert process syncs to latches).

2.4.8. Executing PROC_DFF pass (convert process syncs to FFs).
Creating register for signal `\TRELLIS_FF.\Q' using process `\TRELLIS_FF.$proc$/home/ubuntu/Documents/oss-cad-suite/lib/../share/yosys/ecp5/cells_sim.v:350$219'.
  created $dff cell `$procdff$363' with positive edge clock.
Creating register for signal `\DPR16X4C.\i' using process `\DPR16X4C.$proc$/home/ubuntu/Documents/oss-cad-suite/lib/../share/yosys/ecp5/cells_sim.v:0$201'.
  created direct connection (no actual register cell created).
Creating register for signal `\DPR16X4C.$memwr$\ram$/home/ubuntu/Documents/oss-cad-suite/lib/../share/yosys/ecp5/cells_sim.v:281$162_EN' using process `\DPR16X4C.$proc$/home/ubuntu/Documents/oss-cad-suite/lib/../share/yosys/ecp5/cells_sim.v:0$201'.
  created direct connection (no actual register cell created).
Creating register for signal `\DPR16X4C.$memwr$\ram$/home/ubuntu/Documents/oss-cad-suite/lib/../share/yosys/ecp5/cells_sim.v:281$163_EN' using process `\DPR16X4C.$proc$/home/ubuntu/Documents/oss-cad-suite/lib/../share/yosys/ecp5/cells_sim.v:0$201'.
  created direct connection (no actual register cell created).
Creating register for signal `\DPR16X4C.$memwr$\ram$/home/ubuntu/Documents/oss-cad-suite/lib/../share/yosys/ecp5/cells_sim.v:281$164_EN' using process `\DPR16X4C.$proc$/home/ubuntu/Documents/oss-cad-suite/lib/../share/yosys/ecp5/cells_sim.v:0$201'.
  created direct connection (no actual register cell created).
Creating register for signal `\DPR16X4C.$memwr$\ram$/home/ubuntu/Documents/oss-cad-suite/lib/../share/yosys/ecp5/cells_sim.v:281$165_EN' using process `\DPR16X4C.$proc$/home/ubuntu/Documents/oss-cad-suite/lib/../share/yosys/ecp5/cells_sim.v:0$201'.
  created direct connection (no actual register cell created).
Creating register for signal `\DPR16X4C.$memwr$\ram$/home/ubuntu/Documents/oss-cad-suite/lib/../share/yosys/ecp5/cells_sim.v:281$166_EN' using process `\DPR16X4C.$proc$/home/ubuntu/Documents/oss-cad-suite/lib/../share/yosys/ecp5/cells_sim.v:0$201'.
  created direct connection (no actual register cell created).
Creating register for signal `\DPR16X4C.$memwr$\ram$/home/ubuntu/Documents/oss-cad-suite/lib/../share/yosys/ecp5/cells_sim.v:281$167_EN' using process `\DPR16X4C.$proc$/home/ubuntu/Documents/oss-cad-suite/lib/../share/yosys/ecp5/cells_sim.v:0$201'.
  created direct connection (no actual register cell created).
Creating register for signal `\DPR16X4C.$memwr$\ram$/home/ubuntu/Documents/oss-cad-suite/lib/../share/yosys/ecp5/cells_sim.v:281$168_EN' using process `\DPR16X4C.$proc$/home/ubuntu/Documents/oss-cad-suite/lib/../share/yosys/ecp5/cells_sim.v:0$201'.
  created direct connection (no actual register cell created).
Creating register for signal `\DPR16X4C.$memwr$\ram$/home/ubuntu/Documents/oss-cad-suite/lib/../share/yosys/ecp5/cells_sim.v:281$169_EN' using process `\DPR16X4C.$proc$/home/ubuntu/Documents/oss-cad-suite/lib/../share/yosys/ecp5/cells_sim.v:0$201'.
  created direct connection (no actual register cell created).
Creating register for signal `\DPR16X4C.$memwr$\ram$/home/ubuntu/Documents/oss-cad-suite/lib/../share/yosys/ecp5/cells_sim.v:281$170_EN' using process `\DPR16X4C.$proc$/home/ubuntu/Documents/oss-cad-suite/lib/../share/yosys/ecp5/cells_sim.v:0$201'.
  created direct connection (no actual register cell created).
Creating register for signal `\DPR16X4C.$memwr$\ram$/home/ubuntu/Documents/oss-cad-suite/lib/../share/yosys/ecp5/cells_sim.v:281$171_EN' using process `\DPR16X4C.$proc$/home/ubuntu/Documents/oss-cad-suite/lib/../share/yosys/ecp5/cells_sim.v:0$201'.
  created direct connection (no actual register cell created).
Creating register for signal `\DPR16X4C.$memwr$\ram$/home/ubuntu/Documents/oss-cad-suite/lib/../share/yosys/ecp5/cells_sim.v:281$172_EN' using process `\DPR16X4C.$proc$/home/ubuntu/Documents/oss-cad-suite/lib/../share/yosys/ecp5/cells_sim.v:0$201'.
  created direct connection (no actual register cell created).
Creating register for signal `\DPR16X4C.$memwr$\ram$/home/ubuntu/Documents/oss-cad-suite/lib/../share/yosys/ecp5/cells_sim.v:281$173_EN' using process `\DPR16X4C.$proc$/home/ubuntu/Documents/oss-cad-suite/lib/../share/yosys/ecp5/cells_sim.v:0$201'.
  created direct connection (no actual register cell created).
Creating register for signal `\DPR16X4C.$memwr$\ram$/home/ubuntu/Documents/oss-cad-suite/lib/../share/yosys/ecp5/cells_sim.v:281$174_EN' using process `\DPR16X4C.$proc$/home/ubuntu/Documents/oss-cad-suite/lib/../share/yosys/ecp5/cells_sim.v:0$201'.
  created direct connection (no actual register cell created).
Creating register for signal `\DPR16X4C.$memwr$\ram$/home/ubuntu/Documents/oss-cad-suite/lib/../share/yosys/ecp5/cells_sim.v:281$175_EN' using process `\DPR16X4C.$proc$/home/ubuntu/Documents/oss-cad-suite/lib/../share/yosys/ecp5/cells_sim.v:0$201'.
  created direct connection (no actual register cell created).
Creating register for signal `\DPR16X4C.$memwr$\ram$/home/ubuntu/Documents/oss-cad-suite/lib/../share/yosys/ecp5/cells_sim.v:281$176_EN' using process `\DPR16X4C.$proc$/home/ubuntu/Documents/oss-cad-suite/lib/../share/yosys/ecp5/cells_sim.v:0$201'.
  created direct connection (no actual register cell created).
Creating register for signal `\DPR16X4C.$memwr$\ram$/home/ubuntu/Documents/oss-cad-suite/lib/../share/yosys/ecp5/cells_sim.v:287$177_ADDR' using process `\DPR16X4C.$proc$/home/ubuntu/Documents/oss-cad-suite/lib/../share/yosys/ecp5/cells_sim.v:285$178'.
  created $dff cell `$procdff$364' with positive edge clock.
Creating register for signal `\DPR16X4C.$memwr$\ram$/home/ubuntu/Documents/oss-cad-suite/lib/../share/yosys/ecp5/cells_sim.v:287$177_DATA' using process `\DPR16X4C.$proc$/home/ubuntu/Documents/oss-cad-suite/lib/../share/yosys/ecp5/cells_sim.v:285$178'.
  created $dff cell `$procdff$365' with positive edge clock.
Creating register for signal `\DPR16X4C.$memwr$\ram$/home/ubuntu/Documents/oss-cad-suite/lib/../share/yosys/ecp5/cells_sim.v:287$177_EN' using process `\DPR16X4C.$proc$/home/ubuntu/Documents/oss-cad-suite/lib/../share/yosys/ecp5/cells_sim.v:285$178'.
  created $dff cell `$procdff$366' with positive edge clock.
Creating register for signal `\TRELLIS_DPR16X4.\i' using process `\TRELLIS_DPR16X4.$proc$/home/ubuntu/Documents/oss-cad-suite/lib/../share/yosys/ecp5/cells_sim.v:0$144'.
  created direct connection (no actual register cell created).
Creating register for signal `\TRELLIS_DPR16X4.$memwr$\mem$/home/ubuntu/Documents/oss-cad-suite/lib/../share/yosys/ecp5/cells_sim.v:207$102_EN' using process `\TRELLIS_DPR16X4.$proc$/home/ubuntu/Documents/oss-cad-suite/lib/../share/yosys/ecp5/cells_sim.v:0$144'.
  created direct connection (no actual register cell created).
Creating register for signal `\TRELLIS_DPR16X4.$memwr$\mem$/home/ubuntu/Documents/oss-cad-suite/lib/../share/yosys/ecp5/cells_sim.v:207$103_EN' using process `\TRELLIS_DPR16X4.$proc$/home/ubuntu/Documents/oss-cad-suite/lib/../share/yosys/ecp5/cells_sim.v:0$144'.
  created direct connection (no actual register cell created).
Creating register for signal `\TRELLIS_DPR16X4.$memwr$\mem$/home/ubuntu/Documents/oss-cad-suite/lib/../share/yosys/ecp5/cells_sim.v:207$104_EN' using process `\TRELLIS_DPR16X4.$proc$/home/ubuntu/Documents/oss-cad-suite/lib/../share/yosys/ecp5/cells_sim.v:0$144'.
  created direct connection (no actual register cell created).
Creating register for signal `\TRELLIS_DPR16X4.$memwr$\mem$/home/ubuntu/Documents/oss-cad-suite/lib/../share/yosys/ecp5/cells_sim.v:207$105_EN' using process `\TRELLIS_DPR16X4.$proc$/home/ubuntu/Documents/oss-cad-suite/lib/../share/yosys/ecp5/cells_sim.v:0$144'.
  created direct connection (no actual register cell created).
Creating register for signal `\TRELLIS_DPR16X4.$memwr$\mem$/home/ubuntu/Documents/oss-cad-suite/lib/../share/yosys/ecp5/cells_sim.v:207$106_EN' using process `\TRELLIS_DPR16X4.$proc$/home/ubuntu/Documents/oss-cad-suite/lib/../share/yosys/ecp5/cells_sim.v:0$144'.
  created direct connection (no actual register cell created).
Creating register for signal `\TRELLIS_DPR16X4.$memwr$\mem$/home/ubuntu/Documents/oss-cad-suite/lib/../share/yosys/ecp5/cells_sim.v:207$107_EN' using process `\TRELLIS_DPR16X4.$proc$/home/ubuntu/Documents/oss-cad-suite/lib/../share/yosys/ecp5/cells_sim.v:0$144'.
  created direct connection (no actual register cell created).
Creating register for signal `\TRELLIS_DPR16X4.$memwr$\mem$/home/ubuntu/Documents/oss-cad-suite/lib/../share/yosys/ecp5/cells_sim.v:207$108_EN' using process `\TRELLIS_DPR16X4.$proc$/home/ubuntu/Documents/oss-cad-suite/lib/../share/yosys/ecp5/cells_sim.v:0$144'.
  created direct connection (no actual register cell created).
Creating register for signal `\TRELLIS_DPR16X4.$memwr$\mem$/home/ubuntu/Documents/oss-cad-suite/lib/../share/yosys/ecp5/cells_sim.v:207$109_EN' using process `\TRELLIS_DPR16X4.$proc$/home/ubuntu/Documents/oss-cad-suite/lib/../share/yosys/ecp5/cells_sim.v:0$144'.
  created direct connection (no actual register cell created).
Creating register for signal `\TRELLIS_DPR16X4.$memwr$\mem$/home/ubuntu/Documents/oss-cad-suite/lib/../share/yosys/ecp5/cells_sim.v:207$110_EN' using process `\TRELLIS_DPR16X4.$proc$/home/ubuntu/Documents/oss-cad-suite/lib/../share/yosys/ecp5/cells_sim.v:0$144'.
  created direct connection (no actual register cell created).
Creating register for signal `\TRELLIS_DPR16X4.$memwr$\mem$/home/ubuntu/Documents/oss-cad-suite/lib/../share/yosys/ecp5/cells_sim.v:207$111_EN' using process `\TRELLIS_DPR16X4.$proc$/home/ubuntu/Documents/oss-cad-suite/lib/../share/yosys/ecp5/cells_sim.v:0$144'.
  created direct connection (no actual register cell created).
Creating register for signal `\TRELLIS_DPR16X4.$memwr$\mem$/home/ubuntu/Documents/oss-cad-suite/lib/../share/yosys/ecp5/cells_sim.v:207$112_EN' using process `\TRELLIS_DPR16X4.$proc$/home/ubuntu/Documents/oss-cad-suite/lib/../share/yosys/ecp5/cells_sim.v:0$144'.
  created direct connection (no actual register cell created).
Creating register for signal `\TRELLIS_DPR16X4.$memwr$\mem$/home/ubuntu/Documents/oss-cad-suite/lib/../share/yosys/ecp5/cells_sim.v:207$113_EN' using process `\TRELLIS_DPR16X4.$proc$/home/ubuntu/Documents/oss-cad-suite/lib/../share/yosys/ecp5/cells_sim.v:0$144'.
  created direct connection (no actual register cell created).
Creating register for signal `\TRELLIS_DPR16X4.$memwr$\mem$/home/ubuntu/Documents/oss-cad-suite/lib/../share/yosys/ecp5/cells_sim.v:207$114_EN' using process `\TRELLIS_DPR16X4.$proc$/home/ubuntu/Documents/oss-cad-suite/lib/../share/yosys/ecp5/cells_sim.v:0$144'.
  created direct connection (no actual register cell created).
Creating register for signal `\TRELLIS_DPR16X4.$memwr$\mem$/home/ubuntu/Documents/oss-cad-suite/lib/../share/yosys/ecp5/cells_sim.v:207$115_EN' using process `\TRELLIS_DPR16X4.$proc$/home/ubuntu/Documents/oss-cad-suite/lib/../share/yosys/ecp5/cells_sim.v:0$144'.
  created direct connection (no actual register cell created).
Creating register for signal `\TRELLIS_DPR16X4.$memwr$\mem$/home/ubuntu/Documents/oss-cad-suite/lib/../share/yosys/ecp5/cells_sim.v:207$116_EN' using process `\TRELLIS_DPR16X4.$proc$/home/ubuntu/Documents/oss-cad-suite/lib/../share/yosys/ecp5/cells_sim.v:0$144'.
  created direct connection (no actual register cell created).
Creating register for signal `\TRELLIS_DPR16X4.$memwr$\mem$/home/ubuntu/Documents/oss-cad-suite/lib/../share/yosys/ecp5/cells_sim.v:207$117_EN' using process `\TRELLIS_DPR16X4.$proc$/home/ubuntu/Documents/oss-cad-suite/lib/../share/yosys/ecp5/cells_sim.v:0$144'.
  created direct connection (no actual register cell created).
Creating register for signal `\TRELLIS_DPR16X4.$memwr$\mem$/home/ubuntu/Documents/oss-cad-suite/lib/../share/yosys/ecp5/cells_sim.v:223$118_ADDR' using process `\TRELLIS_DPR16X4.$proc$/home/ubuntu/Documents/oss-cad-suite/lib/../share/yosys/ecp5/cells_sim.v:221$120'.
  created $dff cell `$procdff$367' with positive edge clock.
Creating register for signal `\TRELLIS_DPR16X4.$memwr$\mem$/home/ubuntu/Documents/oss-cad-suite/lib/../share/yosys/ecp5/cells_sim.v:223$118_DATA' using process `\TRELLIS_DPR16X4.$proc$/home/ubuntu/Documents/oss-cad-suite/lib/../share/yosys/ecp5/cells_sim.v:221$120'.
  created $dff cell `$procdff$368' with positive edge clock.
Creating register for signal `\TRELLIS_DPR16X4.$memwr$\mem$/home/ubuntu/Documents/oss-cad-suite/lib/../share/yosys/ecp5/cells_sim.v:223$118_EN' using process `\TRELLIS_DPR16X4.$proc$/home/ubuntu/Documents/oss-cad-suite/lib/../share/yosys/ecp5/cells_sim.v:221$120'.
  created $dff cell `$procdff$369' with positive edge clock.
Creating register for signal `\TRELLIS_DPR16X4.\muxwre' using process `\TRELLIS_DPR16X4.$proc$/home/ubuntu/Documents/oss-cad-suite/lib/../share/yosys/ecp5/cells_sim.v:213$119'.
  created direct connection (no actual register cell created).

2.4.9. Executing PROC_MEMWR pass (convert process memory writes to cells).

2.4.10. Executing PROC_CLEAN pass (remove empty switches from decision trees).
Removing empty process `TRELLIS_FF.$proc$/home/ubuntu/Documents/oss-cad-suite/lib/../share/yosys/ecp5/cells_sim.v:0$223'.
Found and cleaned up 2 empty switches in `\TRELLIS_FF.$proc$/home/ubuntu/Documents/oss-cad-suite/lib/../share/yosys/ecp5/cells_sim.v:350$219'.
Removing empty process `TRELLIS_FF.$proc$/home/ubuntu/Documents/oss-cad-suite/lib/../share/yosys/ecp5/cells_sim.v:350$219'.
Removing empty process `DPR16X4C.$proc$/home/ubuntu/Documents/oss-cad-suite/lib/../share/yosys/ecp5/cells_sim.v:0$201'.
Found and cleaned up 1 empty switch in `\DPR16X4C.$proc$/home/ubuntu/Documents/oss-cad-suite/lib/../share/yosys/ecp5/cells_sim.v:285$178'.
Removing empty process `TRELLIS_DPR16X4.$proc$/home/ubuntu/Documents/oss-cad-suite/lib/../share/yosys/ecp5/cells_sim.v:0$144'.
Found and cleaned up 1 empty switch in `\TRELLIS_DPR16X4.$proc$/home/ubuntu/Documents/oss-cad-suite/lib/../share/yosys/ecp5/cells_sim.v:221$120'.
Removing empty process `TRELLIS_DPR16X4.$proc$/home/ubuntu/Documents/oss-cad-suite/lib/../share/yosys/ecp5/cells_sim.v:213$119'.
Removing empty process `top.$group_31'.
Removing empty process `top.$group_23'.
Found and cleaned up 1 empty switch in `\top.$group_22'.
Removing empty process `top.$group_22'.
Found and cleaned up 1 empty switch in `\top.$group_21'.
Removing empty process `top.$group_21'.
Found and cleaned up 1 empty switch in `\top.$group_20'.
Removing empty process `top.$group_20'.
Found and cleaned up 1 empty switch in `\top.$group_19'.
Removing empty process `top.$group_19'.
Found and cleaned up 1 empty switch in `\top.$group_18'.
Removing empty process `top.$group_18'.
Found and cleaned up 1 empty switch in `\top.$group_17'.
Removing empty process `top.$group_17'.
Found and cleaned up 1 empty switch in `\top.$group_16'.
Removing empty process `top.$group_16'.
Found and cleaned up 1 empty switch in `\top.$group_15'.
Removing empty process `top.$group_15'.
Found and cleaned up 1 empty switch in `\top.$group_14'.
Removing empty process `top.$group_14'.
Found and cleaned up 2 empty switches in `\top.$group_13'.
Removing empty process `top.$group_13'.
Found and cleaned up 2 empty switches in `\top.$group_12'.
Removing empty process `top.$group_12'.
Found and cleaned up 1 empty switch in `\top.$group_11'.
Removing empty process `top.$group_11'.
Found and cleaned up 1 empty switch in `\top.$group_10'.
Removing empty process `top.$group_10'.
Found and cleaned up 1 empty switch in `\top.$group_9'.
Removing empty process `top.$group_9'.
Found and cleaned up 1 empty switch in `\top.$group_8'.
Removing empty process `top.$group_8'.
Found and cleaned up 1 empty switch in `\top.$group_7'.
Removing empty process `top.$group_7'.
Found and cleaned up 1 empty switch in `\top.$group_6'.
Removing empty process `top.$group_6'.
Found and cleaned up 1 empty switch in `\top.$group_5'.
Removing empty process `top.$group_5'.
Found and cleaned up 1 empty switch in `\top.$group_4'.
Removing empty process `top.$group_4'.
Found and cleaned up 1 empty switch in `\top.$group_3'.
Removing empty process `top.$group_3'.
Found and cleaned up 1 empty switch in `\top.$group_2'.
Removing empty process `top.$group_2'.
Found and cleaned up 1 empty switch in `\top.$group_1'.
Removing empty process `top.$group_1'.
Removing empty process `top.$group_0'.
Removing empty process `pin_button_pwr_0.$group_0'.
Removing empty process `pin_esp32_spi_0__gpio5_cs.$group_0'.
Found and cleaned up 3 empty switches in `\tb.$group_12'.
Removing empty process `tb.$group_12'.
Found and cleaned up 4 empty switches in `\tb.$group_11'.
Removing empty process `tb.$group_11'.
Found and cleaned up 1 empty switch in `\tb.$group_10'.
Removing empty process `tb.$group_10'.
Found and cleaned up 1 empty switch in `\tb.$group_9'.
Removing empty process `tb.$group_9'.
Found and cleaned up 1 empty switch in `\tb.$group_8'.
Removing empty process `tb.$group_8'.
Found and cleaned up 1 empty switch in `\tb.$group_7'.
Removing empty process `tb.$group_7'.
Found and cleaned up 1 empty switch in `\tb.$group_6'.
Removing empty process `tb.$group_6'.
Found and cleaned up 3 empty switches in `\tb.$group_5'.
Removing empty process `tb.$group_5'.
Found and cleaned up 1 empty switch in `\tb.$group_4'.
Removing empty process `tb.$group_4'.
Found and cleaned up 1 empty switch in `\tb.$group_3'.
Removing empty process `tb.$group_3'.
Found and cleaned up 1 empty switch in `\tb.$group_2'.
Removing empty process `tb.$group_2'.
Found and cleaned up 1 empty switch in `\tb.$group_1'.
Removing empty process `tb.$group_1'.
Found and cleaned up 1 empty switch in `\tb.$group_0'.
Removing empty process `tb.$group_0'.
Found and cleaned up 1 empty switch in `\delayer.$group_5'.
Removing empty process `delayer.$group_5'.
Found and cleaned up 1 empty switch in `\delayer.$group_4'.
Removing empty process `delayer.$group_4'.
Found and cleaned up 2 empty switches in `\delayer.$group_3'.
Removing empty process `delayer.$group_3'.
Found and cleaned up 1 empty switch in `\delayer.$group_2'.
Removing empty process `delayer.$group_2'.
Found and cleaned up 1 empty switch in `\delayer.$group_1'.
Removing empty process `delayer.$group_1'.
Found and cleaned up 1 empty switch in `\delayer.$group_0'.
Removing empty process `delayer.$group_0'.
Removing empty process `i_button_ffsync.$group_2'.
Removing empty process `i_button_ffsync.$group_1'.
Removing empty process `i_button_ffsync.$group_0'.
Cleaned up 55 empty switches.

2.4.11. Executing OPT_EXPR pass (perform const folding).
Optimizing module top.
<suppressed ~28 debug messages>
Optimizing module pin_button_right_0.
Optimizing module pin_button_left_0.
Optimizing module pin_button_down_0.
Optimizing module pin_button_up_0.
Optimizing module pin_button_fire_1.
Optimizing module pin_button_fire_0.
Optimizing module pin_button_pwr_0.
Optimizing module pin_clk25_0.
Optimizing module pin_uart_0__dtr.
Optimizing module pin_uart_0__rts.
Optimizing module pin_uart_0__tx.
Optimizing module pin_uart_0__rx.
Optimizing module pin_esp32_spi_0__gpio16_sclk.
Optimizing module pin_esp32_spi_0__gpio12_cipo.
Optimizing module pin_esp32_spi_0__gpio5_cs.
Optimizing module pin_esp32_spi_0__gpio4_copi.
Optimizing module pin_esp32_spi_0__gpio0.
<suppressed ~1 debug messages>
Optimizing module pin_esp32_spi_0__rx.
Optimizing module pin_esp32_spi_0__tx.
Optimizing module pin_esp32_spi_0__en.
Optimizing module pin_led_7.
Optimizing module pin_led_6.
Optimizing module pin_led_5.
Optimizing module pin_led_4.
Optimizing module pin_led_3.
Optimizing module pin_led_2.
Optimizing module pin_led_1.
Optimizing module pin_led_0.
Optimizing module tb.
<suppressed ~6 debug messages>
Optimizing module delayer.
<suppressed ~2 debug messages>
Optimizing module i_button_ffsync.

2.5. Executing FLATTEN pass (flatten design).
Deleting now unused module pin_button_right_0.
Deleting now unused module pin_button_left_0.
Deleting now unused module pin_button_down_0.
Deleting now unused module pin_button_up_0.
Deleting now unused module pin_button_fire_1.
Deleting now unused module pin_button_fire_0.
Deleting now unused module pin_button_pwr_0.
Deleting now unused module pin_clk25_0.
Deleting now unused module pin_uart_0__dtr.
Deleting now unused module pin_uart_0__rts.
Deleting now unused module pin_uart_0__tx.
Deleting now unused module pin_uart_0__rx.
Deleting now unused module pin_esp32_spi_0__gpio16_sclk.
Deleting now unused module pin_esp32_spi_0__gpio12_cipo.
Deleting now unused module pin_esp32_spi_0__gpio5_cs.
Deleting now unused module pin_esp32_spi_0__gpio4_copi.
Deleting now unused module pin_esp32_spi_0__gpio0.
Deleting now unused module pin_esp32_spi_0__rx.
Deleting now unused module pin_esp32_spi_0__tx.
Deleting now unused module pin_esp32_spi_0__en.
Deleting now unused module pin_led_7.
Deleting now unused module pin_led_6.
Deleting now unused module pin_led_5.
Deleting now unused module pin_led_4.
Deleting now unused module pin_led_3.
Deleting now unused module pin_led_2.
Deleting now unused module pin_led_1.
Deleting now unused module pin_led_0.
Deleting now unused module tb.
Deleting now unused module delayer.
Deleting now unused module i_button_ffsync.
<suppressed ~31 debug messages>

2.6. Executing TRIBUF pass.

2.7. Executing DEMINOUT pass (demote inout ports to input or output).

2.8. Executing OPT_EXPR pass (perform const folding).
Optimizing module top.

2.9. Executing OPT_CLEAN pass (remove unused cells and wires).
Finding unused cells or wires in module \top..
Removed 20 unused cells and 132 unused wires.
<suppressed ~42 debug messages>

2.10. Executing CHECK pass (checking for obvious problems).
Checking module top...
Found and reported 0 problems.

2.11. Executing OPT pass (performing simple optimizations).

2.11.1. Executing OPT_EXPR pass (perform const folding).
Optimizing module top.

2.11.2. Executing OPT_MERGE pass (detect identical cells).
Finding identical cells in module `\top'.
<suppressed ~51 debug messages>
Removed a total of 17 cells.

2.11.3. Executing OPT_MUXTREE pass (detect dead branches in mux trees).
Running muxtree optimizer on module \top..
  Creating internal representation of mux trees.
  Evaluating internal representation of mux trees.
  Analyzing evaluation results.
Removed 0 multiplexer ports.
<suppressed ~26 debug messages>

2.11.4. Executing OPT_REDUCE pass (consolidate $*mux and $reduce_* inputs).
  Optimizing cells in module \top.
Performed a total of 0 changes.

2.11.5. Executing OPT_MERGE pass (detect identical cells).
Finding identical cells in module `\top'.
Removed a total of 0 cells.

2.11.6. Executing OPT_DFF pass (perform DFF optimizations).
Setting constant 0-bit at position 0 on $96 ($dff) from module top.
Setting constant 0-bit at position 1 on $96 ($dff) from module top.
Setting constant 0-bit at position 2 on $96 ($dff) from module top.
Setting constant 0-bit at position 3 on $96 ($dff) from module top.
Setting constant 0-bit at position 4 on $96 ($dff) from module top.
Setting constant 0-bit at position 5 on $96 ($dff) from module top.
Setting constant 0-bit at position 6 on $96 ($dff) from module top.
Setting constant 0-bit at position 7 on $96 ($dff) from module top.
Setting constant 0-bit at position 8 on $96 ($dff) from module top.
Setting constant 0-bit at position 9 on $96 ($dff) from module top.
Setting constant 0-bit at position 10 on $96 ($dff) from module top.
Setting constant 0-bit at position 11 on $96 ($dff) from module top.

2.11.7. Executing OPT_CLEAN pass (remove unused cells and wires).
Finding unused cells or wires in module \top..
Removed 0 unused cells and 19 unused wires.
<suppressed ~3 debug messages>

2.11.8. Executing OPT_EXPR pass (perform const folding).
Optimizing module top.

2.11.9. Rerunning OPT passes. (Maybe there is more to do..)

2.11.10. Executing OPT_MUXTREE pass (detect dead branches in mux trees).
Running muxtree optimizer on module \top..
  Creating internal representation of mux trees.
  Evaluating internal representation of mux trees.
  Analyzing evaluation results.
Removed 0 multiplexer ports.
<suppressed ~26 debug messages>

2.11.11. Executing OPT_REDUCE pass (consolidate $*mux and $reduce_* inputs).
  Optimizing cells in module \top.
    New ctrl vector for $pmux cell $flatten\tb.$procmux$332: $flatten\tb.$procmux$308_CMP
  Optimizing cells in module \top.
Performed a total of 1 changes.

2.11.12. Executing OPT_MERGE pass (detect identical cells).
Finding identical cells in module `\top'.
Removed a total of 0 cells.

2.11.13. Executing OPT_DFF pass (perform DFF optimizations).

2.11.14. Executing OPT_CLEAN pass (remove unused cells and wires).
Finding unused cells or wires in module \top..

2.11.15. Executing OPT_EXPR pass (perform const folding).
Optimizing module top.

2.11.16. Rerunning OPT passes. (Maybe there is more to do..)

2.11.17. Executing OPT_MUXTREE pass (detect dead branches in mux trees).
Running muxtree optimizer on module \top..
  Creating internal representation of mux trees.
  Evaluating internal representation of mux trees.
  Analyzing evaluation results.
Removed 0 multiplexer ports.
<suppressed ~26 debug messages>

2.11.18. Executing OPT_REDUCE pass (consolidate $*mux and $reduce_* inputs).
  Optimizing cells in module \top.
Performed a total of 0 changes.

2.11.19. Executing OPT_MERGE pass (detect identical cells).
Finding identical cells in module `\top'.
Removed a total of 0 cells.

2.11.20. Executing OPT_DFF pass (perform DFF optimizations).

2.11.21. Executing OPT_CLEAN pass (remove unused cells and wires).
Finding unused cells or wires in module \top..

2.11.22. Executing OPT_EXPR pass (perform const folding).
Optimizing module top.

2.11.23. Finished OPT passes. (There is nothing left to do.)

2.12. Executing FSM pass (extract and optimize FSM).

2.12.1. Executing FSM_DETECT pass (finding FSMs in design).
Not marking top.tb._ui__load as FSM state register:
    Users of register don't seem to benefit from recoding.
    Register has an initialization value.
Not marking top.tb.delay_fsm_state as FSM state register:
    Register has an initialization value.
Not marking top.tb.fsm_state as FSM state register:
    Register has an initialization value.

2.12.2. Executing FSM_EXTRACT pass (extracting FSM from design).

2.12.3. Executing FSM_OPT pass (simple optimizations of FSMs).

2.12.4. Executing OPT_CLEAN pass (remove unused cells and wires).
Finding unused cells or wires in module \top..

2.12.5. Executing FSM_OPT pass (simple optimizations of FSMs).

2.12.6. Executing FSM_RECODE pass (re-assigning FSM state encoding).

2.12.7. Executing FSM_INFO pass (dumping all available information on FSM cells).

2.12.8. Executing FSM_MAP pass (mapping FSMs to basic logic).

2.13. Executing OPT pass (performing simple optimizations).

2.13.1. Executing OPT_EXPR pass (perform const folding).
Optimizing module top.

2.13.2. Executing OPT_MERGE pass (detect identical cells).
Finding identical cells in module `\top'.
Removed a total of 0 cells.

2.13.3. Executing OPT_MUXTREE pass (detect dead branches in mux trees).
Running muxtree optimizer on module \top..
  Creating internal representation of mux trees.
  Evaluating internal representation of mux trees.
  Analyzing evaluation results.
Removed 0 multiplexer ports.
<suppressed ~26 debug messages>

2.13.4. Executing OPT_REDUCE pass (consolidate $*mux and $reduce_* inputs).
  Optimizing cells in module \top.
Performed a total of 0 changes.

2.13.5. Executing OPT_MERGE pass (detect identical cells).
Finding identical cells in module `\top'.
Removed a total of 0 cells.

2.13.6. Executing OPT_DFF pass (perform DFF optimizations).
Adding SRST signal on $flatten\tb.\delayer.$20 ($dff) from module top (D = $flatten\tb.\delayer.$12, Q = \tb.delayer._ui__done, rval = 1'0).
Adding SRST signal on $flatten\tb.\delayer.$19 ($dff) from module top (D = $flatten\tb.\delayer.$procmux$353_Y, Q = \tb.delayer.countdown, rval = 12'000000000000).
Adding EN signal on $auto$ff.cc:262:slice$371 ($sdff) from module top (D = $flatten\tb.\delayer.$procmux$353_Y, Q = \tb.delayer.countdown).
Adding SRST signal on $flatten\tb.\delayer.$18 ($dff) from module top (D = \tb.delayer_ui__load, Q = \tb.delayer._ui__load, rval = 12'000000000000).
Adding SRST signal on $flatten\tb.\delayer.$16 ($dff) from module top (D = \tb.delayer._ui__done, Q = \tb.delayer.ui__done, rval = 1'0).
Adding SRST signal on $flatten\tb.$7 ($dff) from module top (D = \tb_ui__tb_fanout_flags__trigger, Q = \tb._ui__tb_fanout_flags__trigger, rval = 1'0).
Adding SRST signal on $flatten\tb.$6 ($dff) from module top (D = \tb._ui__tb_fanin_flags__in_done, Q = \tb.ui__tb_fanin_flags__in_done, rval = 1'0).
Adding SRST signal on $flatten\tb.$5 ($dff) from module top (D = \tb._ui__tb_fanin_flags__in_start, Q = \tb.ui__tb_fanin_flags__in_start, rval = 1'0).
Adding SRST signal on $flatten\tb.$17 ($dff) from module top (D = $flatten\tb.$procmux$309_Y, Q = \tb.delay_fsm_state, rval = 2'00).
Adding EN signal on $auto$ff.cc:262:slice$380 ($sdff) from module top (D = $flatten\tb.$procmux$306_Y, Q = \tb.delay_fsm_state).
Adding SRST signal on $flatten\tb.$16 ($dff) from module top (D = $flatten\tb.$procmux$315_Y, Q = \tb.fsm_state, rval = 2'10).
Adding EN signal on $auto$ff.cc:262:slice$386 ($sdff) from module top (D = $flatten\tb.$procmux$315_Y, Q = \tb.fsm_state).
Adding SRST signal on $flatten\tb.$15 ($dff) from module top (D = $flatten\tb.$3, Q = \tb._ui__tb_fanin_flags__in_done, rval = 1'0).
Adding SRST signal on $flatten\tb.$14 ($dff) from module top (D = $flatten\tb.$1, Q = \tb._ui__tb_fanin_flags__in_start, rval = 1'0).
Adding SRST signal on $flatten\tb.$13 ($dff) from module top (D = \tb._ui__load, Q = \tb.delayer_ui__load, rval = 12'000000000000).
Adding SRST signal on $flatten\tb.$11 ($dff) from module top (D = \tb.delayer.ui__done, Q = \tb._ui__done, rval = 1'0).
Adding SRST signal on $flatten\tb.$10 ($dff) from module top (D = $flatten\tb.$procmux$332_Y, Q = \tb._ui__load, rval = 12'000000000000).
Adding SRST signal on $99 ($dff) from module top (D = \i_button_ffsync.stage1 [6], Q = \rst, rval = 1'0).
Adding SRST signal on $98 ($dff) from module top (D = $80, Q = \ui__tb_fanout_flags__trigger, rval = 1'0).
Adding SRST signal on $97 ($dff) from module top (D = \i_button_ffsync.stage1 [5], Q = \start, rval = 1'0).
Adding SRST signal on $93 ($dff) from module top (D = \ui__tb_fanout_flags__trigger, Q = \tb_ui__tb_fanout_flags__trigger, rval = 1'0).
Adding SRST signal on $92 ($dff) from module top (D = \tb.ui__tb_fanin_flags__in_done, Q = \ui__tb_fanin_flags__in_done, rval = 1'0).
Adding SRST signal on $91 ($dff) from module top (D = \tb.ui__tb_fanin_flags__in_start, Q = \ui__tb_fanin_flags__in_start, rval = 1'0).
Adding SRST signal on $90 ($dff) from module top (D = $procmux$270_Y, Q = \pin_esp32_spi_0__gpio0_esp32_spi_0__gpio0__o, rval = 1'0).
Adding EN signal on $auto$ff.cc:262:slice$411 ($sdff) from module top (D = $procmux$270_Y, Q = \pin_esp32_spi_0__gpio0_esp32_spi_0__gpio0__o).
Adding SRST signal on $89 ($dff) from module top (D = $procmux$280_Y, Q = \pin_esp32_spi_0__en_esp32_spi_0__en__o, rval = 1'0).
Adding EN signal on $auto$ff.cc:262:slice$415 ($sdff) from module top (D = $procmux$280_Y, Q = \pin_esp32_spi_0__en_esp32_spi_0__en__o).
Adding SRST signal on $88 ($dff) from module top (D = \pin_esp32_spi_0__rx.esp32_spi_0__rx__i, Q = \pin_uart_0__tx_uart_0__tx__o, rval = 1'0).
Adding SRST signal on $87 ($dff) from module top (D = \pin_uart_0__rx.uart_0__rx__i, Q = \pin_esp32_spi_0__tx_esp32_spi_0__tx__o, rval = 1'0).
Adding SRST signal on $86 ($dff) from module top (D = $10, Q = \sync_1e6_clk, rval = 1'0).
Adding EN signal on $auto$ff.cc:262:slice$421 ($sdff) from module top (D = $8, Q = \sync_1e6_clk).
Adding SRST signal on $85 ($dff) from module top (D = $2 [3:0], Q = \clk_counter, rval = 4'0000).

2.13.7. Executing OPT_CLEAN pass (remove unused cells and wires).
Finding unused cells or wires in module \top..
Removed 30 unused cells and 30 unused wires.
<suppressed ~57 debug messages>

2.13.8. Executing OPT_EXPR pass (perform const folding).
Optimizing module top.
<suppressed ~5 debug messages>

2.13.9. Rerunning OPT passes. (Maybe there is more to do..)

2.13.10. Executing OPT_MUXTREE pass (detect dead branches in mux trees).
Running muxtree optimizer on module \top..
  Creating internal representation of mux trees.
  Evaluating internal representation of mux trees.
  Analyzing evaluation results.
Removed 0 multiplexer ports.
<suppressed ~6 debug messages>

2.13.11. Executing OPT_REDUCE pass (consolidate $*mux and $reduce_* inputs).
  Optimizing cells in module \top.
Performed a total of 0 changes.

2.13.12. Executing OPT_MERGE pass (detect identical cells).
Finding identical cells in module `\top'.
<suppressed ~3 debug messages>
Removed a total of 1 cells.

2.13.13. Executing OPT_DFF pass (perform DFF optimizations).

2.13.14. Executing OPT_CLEAN pass (remove unused cells and wires).
Finding unused cells or wires in module \top..
Removed 0 unused cells and 1 unused wires.
<suppressed ~1 debug messages>

2.13.15. Executing OPT_EXPR pass (perform const folding).
Optimizing module top.

2.13.16. Rerunning OPT passes. (Maybe there is more to do..)

2.13.17. Executing OPT_MUXTREE pass (detect dead branches in mux trees).
Running muxtree optimizer on module \top..
  Creating internal representation of mux trees.
  Evaluating internal representation of mux trees.
  Analyzing evaluation results.
Removed 0 multiplexer ports.
<suppressed ~6 debug messages>

2.13.18. Executing OPT_REDUCE pass (consolidate $*mux and $reduce_* inputs).
  Optimizing cells in module \top.
Performed a total of 0 changes.

2.13.19. Executing OPT_MERGE pass (detect identical cells).
Finding identical cells in module `\top'.
Removed a total of 0 cells.

2.13.20. Executing OPT_DFF pass (perform DFF optimizations).

2.13.21. Executing OPT_CLEAN pass (remove unused cells and wires).
Finding unused cells or wires in module \top..

2.13.22. Executing OPT_EXPR pass (perform const folding).
Optimizing module top.

2.13.23. Finished OPT passes. (There is nothing left to do.)

2.14. Executing WREDUCE pass (reducing word size of cells).
Removed top 1 bits (of 5) from port Y of cell top.$3 ($add).
Removed top 1 bits (of 2) from port B of cell top.$auto$opt_dff.cc:198:make_patterns_logic$391 ($ne).
Removed top 1 bits (of 2) from port B of cell top.$auto$opt_dff.cc:198:make_patterns_logic$393 ($ne).
Removed cell top.$procmux$264 ($mux).
Removed cell top.$procmux$274 ($mux).
Removed cell top.$flatten\tb.\delayer.$9 ($mux).
Removed cell top.$flatten\tb.$procmux$317 ($mux).
Removed cell top.$flatten\tb.$procmux$313 ($mux).
Removed top 1 bits (of 2) from port B of cell top.$flatten\tb.$procmux$307_CMP0 ($eq).
Removed top 1 bits (of 13) from port Y of cell top.$flatten\tb.\delayer.$3 ($sub).
Removed top 1 bits (of 5) from wire top.$2.
Removed top 1 bits (of 13) from wire top.$flatten\tb.\delayer.$1.
Removed top 1 bits (of 13) from wire top.$flatten\tb.\delayer.$2.

2.15. Executing PEEPOPT pass (run peephole optimizers).

2.16. Executing OPT_CLEAN pass (remove unused cells and wires).
Finding unused cells or wires in module \top..
Removed 0 unused cells and 8 unused wires.
<suppressed ~1 debug messages>

2.17. Executing SHARE pass (SAT-based resource sharing).

2.18. Executing TECHMAP pass (map to technology primitives).

2.18.1. Executing Verilog-2005 frontend: /home/ubuntu/Documents/oss-cad-suite/lib/../share/yosys/cmp2lut.v
Parsing Verilog input from `/home/ubuntu/Documents/oss-cad-suite/lib/../share/yosys/cmp2lut.v' to AST representation.
Generating RTLIL representation for module `\_90_lut_cmp_'.
Successfully finished Verilog frontend.

2.18.2. Continuing TECHMAP pass.
No more expansions possible.
<suppressed ~36 debug messages>

2.19. Executing OPT_EXPR pass (perform const folding).
Optimizing module top.

2.20. Executing OPT_CLEAN pass (remove unused cells and wires).
Finding unused cells or wires in module \top..

2.21. Executing TECHMAP pass (map to technology primitives).

2.21.1. Executing Verilog-2005 frontend: /home/ubuntu/Documents/oss-cad-suite/lib/../share/yosys/mul2dsp.v
Parsing Verilog input from `/home/ubuntu/Documents/oss-cad-suite/lib/../share/yosys/mul2dsp.v' to AST representation.
Generating RTLIL representation for module `\_80_mul'.
Generating RTLIL representation for module `\_90_soft_mul'.
Successfully finished Verilog frontend.

2.21.2. Executing Verilog-2005 frontend: /home/ubuntu/Documents/oss-cad-suite/lib/../share/yosys/ecp5/dsp_map.v
Parsing Verilog input from `/home/ubuntu/Documents/oss-cad-suite/lib/../share/yosys/ecp5/dsp_map.v' to AST representation.
Generating RTLIL representation for module `\$__MUL18X18'.
Successfully finished Verilog frontend.

2.21.3. Continuing TECHMAP pass.
No more expansions possible.
<suppressed ~5 debug messages>

2.22. Executing ALUMACC pass (create $alu and $macc cells).
Extracting $alu and $macc cells in module top:
  creating $macc model for $3 ($add).
  creating $macc model for $flatten\tb.\delayer.$3 ($sub).
  creating $alu model for $macc $flatten\tb.\delayer.$3.
  creating $alu model for $macc $3.
  creating $alu model for $flatten\tb.\delayer.$8 ($gt): new $alu
  creating $alu cell for $flatten\tb.\delayer.$8: $auto$alumacc.cc:485:replace_alu$431
  creating $alu cell for $3: $auto$alumacc.cc:485:replace_alu$436
  creating $alu cell for $flatten\tb.\delayer.$3: $auto$alumacc.cc:485:replace_alu$439
  created 3 $alu and 0 $macc cells.

2.23. Executing OPT pass (performing simple optimizations).

2.23.1. Executing OPT_EXPR pass (perform const folding).
Optimizing module top.

2.23.2. Executing OPT_MERGE pass (detect identical cells).
Finding identical cells in module `\top'.
Removed a total of 0 cells.

2.23.3. Executing OPT_MUXTREE pass (detect dead branches in mux trees).
Running muxtree optimizer on module \top..
  Creating internal representation of mux trees.
  Evaluating internal representation of mux trees.
  Analyzing evaluation results.
Removed 0 multiplexer ports.
<suppressed ~6 debug messages>

2.23.4. Executing OPT_REDUCE pass (consolidate $*mux and $reduce_* inputs).
  Optimizing cells in module \top.
Performed a total of 0 changes.

2.23.5. Executing OPT_MERGE pass (detect identical cells).
Finding identical cells in module `\top'.
Removed a total of 0 cells.

2.23.6. Executing OPT_DFF pass (perform DFF optimizations).

2.23.7. Executing OPT_CLEAN pass (remove unused cells and wires).
Finding unused cells or wires in module \top..
Removed 0 unused cells and 1 unused wires.
<suppressed ~1 debug messages>

2.23.8. Executing OPT_EXPR pass (perform const folding).
Optimizing module top.

2.23.9. Rerunning OPT passes. (Maybe there is more to do..)

2.23.10. Executing OPT_MUXTREE pass (detect dead branches in mux trees).
Running muxtree optimizer on module \top..
  Creating internal representation of mux trees.
  Evaluating internal representation of mux trees.
  Analyzing evaluation results.
Removed 0 multiplexer ports.
<suppressed ~6 debug messages>

2.23.11. Executing OPT_REDUCE pass (consolidate $*mux and $reduce_* inputs).
  Optimizing cells in module \top.
Performed a total of 0 changes.

2.23.12. Executing OPT_MERGE pass (detect identical cells).
Finding identical cells in module `\top'.
Removed a total of 0 cells.

2.23.13. Executing OPT_DFF pass (perform DFF optimizations).

2.23.14. Executing OPT_CLEAN pass (remove unused cells and wires).
Finding unused cells or wires in module \top..

2.23.15. Executing OPT_EXPR pass (perform const folding).
Optimizing module top.

2.23.16. Finished OPT passes. (There is nothing left to do.)

2.24. Executing MEMORY pass.

2.24.1. Executing OPT_MEM pass (optimize memories).
Performed a total of 0 transformations.

2.24.2. Executing OPT_MEM_PRIORITY pass (removing unnecessary memory write priority relations).
Performed a total of 0 transformations.

2.24.3. Executing OPT_MEM_FEEDBACK pass (finding memory read-to-write feedback paths).

2.24.4. Executing MEMORY_DFF pass (merging $dff cells to $memrd).

2.24.5. Executing OPT_CLEAN pass (remove unused cells and wires).
Finding unused cells or wires in module \top..

2.24.6. Executing MEMORY_SHARE pass (consolidating $memrd/$memwr cells).

2.24.7. Executing OPT_MEM_WIDEN pass (optimize memories where all ports are wide).
Performed a total of 0 transformations.

2.24.8. Executing OPT_CLEAN pass (remove unused cells and wires).
Finding unused cells or wires in module \top..

2.24.9. Executing MEMORY_COLLECT pass (generating $mem cells).

2.25. Executing OPT_CLEAN pass (remove unused cells and wires).
Finding unused cells or wires in module \top..

2.26. Executing MEMORY_BRAM pass (mapping $mem cells to block memories).

2.27. Executing TECHMAP pass (map to technology primitives).

2.27.1. Executing Verilog-2005 frontend: /home/ubuntu/Documents/oss-cad-suite/lib/../share/yosys/ecp5/brams_map.v
Parsing Verilog input from `/home/ubuntu/Documents/oss-cad-suite/lib/../share/yosys/ecp5/brams_map.v' to AST representation.
Generating RTLIL representation for module `\$__ECP5_DP16KD'.
Generating RTLIL representation for module `\$__ECP5_PDPW16KD'.
Successfully finished Verilog frontend.

2.27.2. Continuing TECHMAP pass.
No more expansions possible.
<suppressed ~4 debug messages>

2.28. Executing MEMORY_BRAM pass (mapping $mem cells to block memories).

2.29. Executing TECHMAP pass (map to technology primitives).

2.29.1. Executing Verilog-2005 frontend: /home/ubuntu/Documents/oss-cad-suite/lib/../share/yosys/ecp5/lutrams_map.v
Parsing Verilog input from `/home/ubuntu/Documents/oss-cad-suite/lib/../share/yosys/ecp5/lutrams_map.v' to AST representation.
Generating RTLIL representation for module `\$__TRELLIS_DPR16X4'.
Successfully finished Verilog frontend.

2.29.2. Continuing TECHMAP pass.
No more expansions possible.
<suppressed ~3 debug messages>

2.30. Executing OPT pass (performing simple optimizations).

2.30.1. Executing OPT_EXPR pass (perform const folding).
Optimizing module top.
<suppressed ~3 debug messages>

2.30.2. Executing OPT_MERGE pass (detect identical cells).
Finding identical cells in module `\top'.
Removed a total of 0 cells.

2.30.3. Executing OPT_DFF pass (perform DFF optimizations).

2.30.4. Executing OPT_CLEAN pass (remove unused cells and wires).
Finding unused cells or wires in module \top..
Removed 0 unused cells and 1 unused wires.
<suppressed ~1 debug messages>

2.30.5. Finished fast OPT passes.

2.31. Executing MEMORY_MAP pass (converting memories to logic and flip-flops).

2.32. Executing OPT pass (performing simple optimizations).

2.32.1. Executing OPT_EXPR pass (perform const folding).
Optimizing module top.

2.32.2. Executing OPT_MERGE pass (detect identical cells).
Finding identical cells in module `\top'.
Removed a total of 0 cells.

2.32.3. Executing OPT_MUXTREE pass (detect dead branches in mux trees).
Running muxtree optimizer on module \top..
  Creating internal representation of mux trees.
  Evaluating internal representation of mux trees.
  Analyzing evaluation results.
Removed 0 multiplexer ports.
<suppressed ~6 debug messages>

2.32.4. Executing OPT_REDUCE pass (consolidate $*mux and $reduce_* inputs).
  Optimizing cells in module \top.
    Consolidated identical input bits for $mux cell $flatten\tb.$procmux$315:
      Old ports: A=2'00, B=2'01, Y=$flatten\tb.$procmux$315_Y
      New ports: A=1'0, B=1'1, Y=$flatten\tb.$procmux$315_Y [0]
      New connections: $flatten\tb.$procmux$315_Y [1] = 1'0
    Consolidated identical input bits for $mux cell $flatten\tb.$procmux$332:
      Old ports: A=12'000000000000, B=12'100101011000, Y=$flatten\tb.$procmux$332_Y
      New ports: A=1'0, B=1'1, Y=$flatten\tb.$procmux$332_Y [3]
      New connections: { $flatten\tb.$procmux$332_Y [11:4] $flatten\tb.$procmux$332_Y [2:0] } = { $flatten\tb.$procmux$332_Y [3] 2'00 $flatten\tb.$procmux$332_Y [3] 1'0 $flatten\tb.$procmux$332_Y [3] 1'0 $flatten\tb.$procmux$332_Y [3] 3'000 }
  Optimizing cells in module \top.
Performed a total of 2 changes.

2.32.5. Executing OPT_MERGE pass (detect identical cells).
Finding identical cells in module `\top'.
Removed a total of 0 cells.

2.32.6. Executing OPT_DFF pass (perform DFF optimizations).

2.32.7. Executing OPT_CLEAN pass (remove unused cells and wires).
Finding unused cells or wires in module \top..

2.32.8. Executing OPT_EXPR pass (perform const folding).
Optimizing module top.

2.32.9. Rerunning OPT passes. (Maybe there is more to do..)

2.32.10. Executing OPT_MUXTREE pass (detect dead branches in mux trees).
Running muxtree optimizer on module \top..
  Creating internal representation of mux trees.
  Evaluating internal representation of mux trees.
  Analyzing evaluation results.
Removed 0 multiplexer ports.
<suppressed ~6 debug messages>

2.32.11. Executing OPT_REDUCE pass (consolidate $*mux and $reduce_* inputs).
  Optimizing cells in module \top.
Performed a total of 0 changes.

2.32.12. Executing OPT_MERGE pass (detect identical cells).
Finding identical cells in module `\top'.
Removed a total of 0 cells.

2.32.13. Executing OPT_DFF pass (perform DFF optimizations).
Setting constant 0-bit at position 0 on $auto$ff.cc:262:slice$400 ($sdff) from module top.
Setting constant 0-bit at position 1 on $auto$ff.cc:262:slice$400 ($sdff) from module top.
Setting constant 0-bit at position 2 on $auto$ff.cc:262:slice$400 ($sdff) from module top.
Setting constant 0-bit at position 5 on $auto$ff.cc:262:slice$400 ($sdff) from module top.
Setting constant 0-bit at position 7 on $auto$ff.cc:262:slice$400 ($sdff) from module top.
Setting constant 0-bit at position 9 on $auto$ff.cc:262:slice$400 ($sdff) from module top.
Setting constant 0-bit at position 10 on $auto$ff.cc:262:slice$400 ($sdff) from module top.

2.32.14. Executing OPT_CLEAN pass (remove unused cells and wires).
Finding unused cells or wires in module \top..

2.32.15. Executing OPT_EXPR pass (perform const folding).
Optimizing module top.

2.32.16. Rerunning OPT passes. (Maybe there is more to do..)

2.32.17. Executing OPT_MUXTREE pass (detect dead branches in mux trees).
Running muxtree optimizer on module \top..
  Creating internal representation of mux trees.
  Evaluating internal representation of mux trees.
  Analyzing evaluation results.
Removed 0 multiplexer ports.
<suppressed ~6 debug messages>

2.32.18. Executing OPT_REDUCE pass (consolidate $*mux and $reduce_* inputs).
  Optimizing cells in module \top.
Performed a total of 0 changes.

2.32.19. Executing OPT_MERGE pass (detect identical cells).
Finding identical cells in module `\top'.
Removed a total of 0 cells.

2.32.20. Executing OPT_DFF pass (perform DFF optimizations).
Setting constant 0-bit at position 0 on $auto$ff.cc:262:slice$398 ($sdff) from module top.
Setting constant 0-bit at position 1 on $auto$ff.cc:262:slice$398 ($sdff) from module top.
Setting constant 0-bit at position 2 on $auto$ff.cc:262:slice$398 ($sdff) from module top.
Setting constant 0-bit at position 5 on $auto$ff.cc:262:slice$398 ($sdff) from module top.
Setting constant 0-bit at position 7 on $auto$ff.cc:262:slice$398 ($sdff) from module top.
Setting constant 0-bit at position 9 on $auto$ff.cc:262:slice$398 ($sdff) from module top.
Setting constant 0-bit at position 10 on $auto$ff.cc:262:slice$398 ($sdff) from module top.

2.32.21. Executing OPT_CLEAN pass (remove unused cells and wires).
Finding unused cells or wires in module \top..

2.32.22. Executing OPT_EXPR pass (perform const folding).
Optimizing module top.

2.32.23. Rerunning OPT passes. (Maybe there is more to do..)

2.32.24. Executing OPT_MUXTREE pass (detect dead branches in mux trees).
Running muxtree optimizer on module \top..
  Creating internal representation of mux trees.
  Evaluating internal representation of mux trees.
  Analyzing evaluation results.
Removed 0 multiplexer ports.
<suppressed ~6 debug messages>

2.32.25. Executing OPT_REDUCE pass (consolidate $*mux and $reduce_* inputs).
  Optimizing cells in module \top.
Performed a total of 0 changes.

2.32.26. Executing OPT_MERGE pass (detect identical cells).
Finding identical cells in module `\top'.
Removed a total of 0 cells.

2.32.27. Executing OPT_DFF pass (perform DFF optimizations).
Setting constant 0-bit at position 0 on $auto$ff.cc:262:slice$375 ($sdff) from module top.
Setting constant 0-bit at position 1 on $auto$ff.cc:262:slice$375 ($sdff) from module top.
Setting constant 0-bit at position 2 on $auto$ff.cc:262:slice$375 ($sdff) from module top.
Setting constant 0-bit at position 5 on $auto$ff.cc:262:slice$375 ($sdff) from module top.
Setting constant 0-bit at position 7 on $auto$ff.cc:262:slice$375 ($sdff) from module top.
Setting constant 0-bit at position 9 on $auto$ff.cc:262:slice$375 ($sdff) from module top.
Setting constant 0-bit at position 10 on $auto$ff.cc:262:slice$375 ($sdff) from module top.

2.32.28. Executing OPT_CLEAN pass (remove unused cells and wires).
Finding unused cells or wires in module \top..

2.32.29. Executing OPT_EXPR pass (perform const folding).
Optimizing module top.
<suppressed ~1 debug messages>

2.32.30. Rerunning OPT passes. (Maybe there is more to do..)

2.32.31. Executing OPT_MUXTREE pass (detect dead branches in mux trees).
Running muxtree optimizer on module \top..
  Creating internal representation of mux trees.
  Evaluating internal representation of mux trees.
  Analyzing evaluation results.
Removed 0 multiplexer ports.
<suppressed ~6 debug messages>

2.32.32. Executing OPT_REDUCE pass (consolidate $*mux and $reduce_* inputs).
  Optimizing cells in module \top.
Performed a total of 0 changes.

2.32.33. Executing OPT_MERGE pass (detect identical cells).
Finding identical cells in module `\top'.
Removed a total of 0 cells.

2.32.34. Executing OPT_DFF pass (perform DFF optimizations).

2.32.35. Executing OPT_CLEAN pass (remove unused cells and wires).
Finding unused cells or wires in module \top..

2.32.36. Executing OPT_EXPR pass (perform const folding).
Optimizing module top.

2.32.37. Finished OPT passes. (There is nothing left to do.)

2.33. Executing TECHMAP pass (map to technology primitives).

2.33.1. Executing Verilog-2005 frontend: /home/ubuntu/Documents/oss-cad-suite/lib/../share/yosys/techmap.v
Parsing Verilog input from `/home/ubuntu/Documents/oss-cad-suite/lib/../share/yosys/techmap.v' to AST representation.
Generating RTLIL representation for module `\_90_simplemap_bool_ops'.
Generating RTLIL representation for module `\_90_simplemap_reduce_ops'.
Generating RTLIL representation for module `\_90_simplemap_logic_ops'.
Generating RTLIL representation for module `\_90_simplemap_compare_ops'.
Generating RTLIL representation for module `\_90_simplemap_various'.
Generating RTLIL representation for module `\_90_simplemap_registers'.
Generating RTLIL representation for module `\_90_shift_ops_shr_shl_sshl_sshr'.
Generating RTLIL representation for module `\_90_shift_shiftx'.
Generating RTLIL representation for module `\_90_fa'.
Generating RTLIL representation for module `\_90_lcu'.
Generating RTLIL representation for module `\_90_alu'.
Generating RTLIL representation for module `\_90_macc'.
Generating RTLIL representation for module `\_90_alumacc'.
Generating RTLIL representation for module `\$__div_mod_u'.
Generating RTLIL representation for module `\$__div_mod_trunc'.
Generating RTLIL representation for module `\_90_div'.
Generating RTLIL representation for module `\_90_mod'.
Generating RTLIL representation for module `\$__div_mod_floor'.
Generating RTLIL representation for module `\_90_divfloor'.
Generating RTLIL representation for module `\_90_modfloor'.
Generating RTLIL representation for module `\_90_pow'.
Generating RTLIL representation for module `\_90_pmux'.
Generating RTLIL representation for module `\_90_lut'.
Successfully finished Verilog frontend.

2.33.2. Executing Verilog-2005 frontend: /home/ubuntu/Documents/oss-cad-suite/lib/../share/yosys/ecp5/arith_map.v
Parsing Verilog input from `/home/ubuntu/Documents/oss-cad-suite/lib/../share/yosys/ecp5/arith_map.v' to AST representation.
Generating RTLIL representation for module `\_80_ecp5_alu'.
Successfully finished Verilog frontend.

2.33.3. Continuing TECHMAP pass.
Using template $paramod$6831557730818fb92b11a295f9eb33ff8fa62af1\_80_ecp5_alu for cells of type $alu.
Using extmapper simplemap for cells of type $eq.
Using extmapper simplemap for cells of type $not.
Using extmapper simplemap for cells of type $logic_not.
Using extmapper simplemap for cells of type $and.
Using extmapper simplemap for cells of type $reduce_bool.
Using extmapper simplemap for cells of type $reduce_and.
Using extmapper simplemap for cells of type $ne.
Using extmapper simplemap for cells of type $dff.
Using extmapper simplemap for cells of type $sdffe.
Using extmapper simplemap for cells of type $sdff.
Using extmapper simplemap for cells of type $mux.
Using extmapper simplemap for cells of type $reduce_or.
Using template $paramod$8f780356cb6cdb52f6a744190131b65634639c4e\_80_ecp5_alu for cells of type $alu.
Using template $paramod$32a7b7b86c07519b7537abc18e96f0331f97914d\_90_alu for cells of type $alu.
Using extmapper simplemap for cells of type $logic_or.
Using extmapper simplemap for cells of type $logic_and.
Using extmapper simplemap for cells of type $pos.
Using extmapper simplemap for cells of type $xor.
Using template $paramod\_90_lcu\WIDTH=32'00000000000000000000000000000100 for cells of type $lcu.
Using extmapper simplemap for cells of type $or.
No more expansions possible.
<suppressed ~403 debug messages>

2.34. Executing OPT pass (performing simple optimizations).

2.34.1. Executing OPT_EXPR pass (perform const folding).
Optimizing module top.
<suppressed ~154 debug messages>

2.34.2. Executing OPT_MERGE pass (detect identical cells).
Finding identical cells in module `\top'.
<suppressed ~96 debug messages>
Removed a total of 32 cells.

2.34.3. Executing OPT_DFF pass (perform DFF optimizations).

2.34.4. Executing OPT_CLEAN pass (remove unused cells and wires).
Finding unused cells or wires in module \top..
Removed 41 unused cells and 169 unused wires.
<suppressed ~50 debug messages>

2.34.5. Finished fast OPT passes.

2.35. Executing OPT_CLEAN pass (remove unused cells and wires).
Finding unused cells or wires in module \top..

2.36. Executing DFFLEGALIZE pass (convert FFs to types supported by the target).

2.37. Executing TECHMAP pass (map to technology primitives).

2.37.1. Executing Verilog-2005 frontend: /home/ubuntu/Documents/oss-cad-suite/lib/../share/yosys/ecp5/cells_map.v
Parsing Verilog input from `/home/ubuntu/Documents/oss-cad-suite/lib/../share/yosys/ecp5/cells_map.v' to AST representation.
Generating RTLIL representation for module `\$_DFF_N_'.
Generating RTLIL representation for module `\$_DFF_P_'.
Generating RTLIL representation for module `\$_DFFE_NN_'.
Generating RTLIL representation for module `\$_DFFE_PN_'.
Generating RTLIL representation for module `\$_DFFE_NP_'.
Generating RTLIL representation for module `\$_DFFE_PP_'.
Generating RTLIL representation for module `\$_DFF_NP0_'.
Generating RTLIL representation for module `\$_DFF_NP1_'.
Generating RTLIL representation for module `\$_DFF_PP0_'.
Generating RTLIL representation for module `\$_DFF_PP1_'.
Generating RTLIL representation for module `\$_SDFF_NP0_'.
Generating RTLIL representation for module `\$_SDFF_NP1_'.
Generating RTLIL representation for module `\$_SDFF_PP0_'.
Generating RTLIL representation for module `\$_SDFF_PP1_'.
Generating RTLIL representation for module `\$_DFFE_NP0P_'.
Generating RTLIL representation for module `\$_DFFE_NP1P_'.
Generating RTLIL representation for module `\$_DFFE_PP0P_'.
Generating RTLIL representation for module `\$_DFFE_PP1P_'.
Generating RTLIL representation for module `\$_DFFE_NP0N_'.
Generating RTLIL representation for module `\$_DFFE_NP1N_'.
Generating RTLIL representation for module `\$_DFFE_PP0N_'.
Generating RTLIL representation for module `\$_DFFE_PP1N_'.
Generating RTLIL representation for module `\$_SDFFE_NP0P_'.
Generating RTLIL representation for module `\$_SDFFE_NP1P_'.
Generating RTLIL representation for module `\$_SDFFE_PP0P_'.
Generating RTLIL representation for module `\$_SDFFE_PP1P_'.
Generating RTLIL representation for module `\$_SDFFE_NP0N_'.
Generating RTLIL representation for module `\$_SDFFE_NP1N_'.
Generating RTLIL representation for module `\$_SDFFE_PP0N_'.
Generating RTLIL representation for module `\$_SDFFE_PP1N_'.
Generating RTLIL representation for module `\$_ALDFF_NP_'.
Generating RTLIL representation for module `\$_ALDFF_PP_'.
Generating RTLIL representation for module `\$_ALDFFE_NPN_'.
Generating RTLIL representation for module `\$_ALDFFE_NPP_'.
Generating RTLIL representation for module `\$_ALDFFE_PPN_'.
Generating RTLIL representation for module `\$_ALDFFE_PPP_'.
Generating RTLIL representation for module `\FD1P3AX'.
Generating RTLIL representation for module `\FD1P3AY'.
Generating RTLIL representation for module `\FD1P3BX'.
Generating RTLIL representation for module `\FD1P3DX'.
Generating RTLIL representation for module `\FD1P3IX'.
Generating RTLIL representation for module `\FD1P3JX'.
Generating RTLIL representation for module `\FD1S3AX'.
Generating RTLIL representation for module `\FD1S3AY'.
Generating RTLIL representation for module `\FD1S3BX'.
Generating RTLIL representation for module `\FD1S3DX'.
Generating RTLIL representation for module `\FD1S3IX'.
Generating RTLIL representation for module `\FD1S3JX'.
Generating RTLIL representation for module `\IFS1P3BX'.
Generating RTLIL representation for module `\IFS1P3DX'.
Generating RTLIL representation for module `\IFS1P3IX'.
Generating RTLIL representation for module `\IFS1P3JX'.
Generating RTLIL representation for module `\OFS1P3BX'.
Generating RTLIL representation for module `\OFS1P3DX'.
Generating RTLIL representation for module `\OFS1P3IX'.
Generating RTLIL representation for module `\OFS1P3JX'.
Generating RTLIL representation for module `\IB'.
Generating RTLIL representation for module `\IBPU'.
Generating RTLIL representation for module `\IBPD'.
Generating RTLIL representation for module `\OB'.
Generating RTLIL representation for module `\OBZ'.
Generating RTLIL representation for module `\OBZPU'.
Generating RTLIL representation for module `\OBZPD'.
Generating RTLIL representation for module `\OBCO'.
Generating RTLIL representation for module `\BB'.
Generating RTLIL representation for module `\BBPU'.
Generating RTLIL representation for module `\BBPD'.
Generating RTLIL representation for module `\ILVDS'.
Generating RTLIL representation for module `\OLVDS'.
Successfully finished Verilog frontend.

2.37.2. Continuing TECHMAP pass.
Using template IB for cells of type IB.
Using template \$_SDFF_PP0_ for cells of type $_SDFF_PP0_.
Using template $paramod\$_DFF_P_\_TECHMAP_WIREINIT_Q_=1'0 for cells of type $_DFF_P_.
Using template \$_SDFFE_PP0N_ for cells of type $_SDFFE_PP0N_.
Using template \$_SDFFE_PP0P_ for cells of type $_SDFFE_PP0P_.
Using template OB for cells of type OB.
Using template BB for cells of type BB.
Using template \$_SDFFE_PP1P_ for cells of type $_SDFFE_PP1P_.
No more expansions possible.
<suppressed ~155 debug messages>

2.38. Executing OPT_EXPR pass (perform const folding).
Optimizing module top.
<suppressed ~19 debug messages>

2.39. Executing SIMPLEMAP pass (map simple cells to gate primitives).

2.40. Executing ECP5_GSR pass (implement FF init values).
Handling GSR in top.

2.41. Executing ATTRMVCP pass (move or copy attributes).

2.42. Executing OPT_CLEAN pass (remove unused cells and wires).
Finding unused cells or wires in module \top..
Removed 0 unused cells and 316 unused wires.
<suppressed ~1 debug messages>

2.43. Executing TECHMAP pass (map to technology primitives).

2.43.1. Executing Verilog-2005 frontend: /home/ubuntu/Documents/oss-cad-suite/lib/../share/yosys/ecp5/latches_map.v
Parsing Verilog input from `/home/ubuntu/Documents/oss-cad-suite/lib/../share/yosys/ecp5/latches_map.v' to AST representation.
Generating RTLIL representation for module `\$_DLATCH_N_'.
Generating RTLIL representation for module `\$_DLATCH_P_'.
Successfully finished Verilog frontend.

2.43.2. Continuing TECHMAP pass.
No more expansions possible.
<suppressed ~4 debug messages>

2.44. Executing ABC pass (technology mapping using ABC).

2.44.1. Extracting gate netlist of module `\top' to `<abc-temp-dir>/input.blif'..
Extracted 83 gates and 129 wires to a netlist network with 44 inputs and 34 outputs.

2.44.1.1. Executing ABC.
Running ABC command: <yosys-exe-dir>/yosys-abc -s -f <abc-temp-dir>/abc.script 2>&1
ABC: ABC command line: "source <abc-temp-dir>/abc.script".
ABC: 
ABC: + read_blif <abc-temp-dir>/input.blif 
ABC: + read_lut <abc-temp-dir>/lutdefs.txt 
ABC: + strash 
ABC: + ifraig 
ABC: + scorr 
ABC: Warning: The network is combinational (run "fraig" or "fraig_sweep").
ABC: + dc2 
ABC: + dretime 
ABC: + strash 
ABC: + dch -f 
ABC: + if 
ABC: + mfs2 
ABC: + dress 
ABC: Total number of equiv classes                =      36.
ABC: Participating nodes from both networks       =      82.
ABC: Participating nodes from the first network   =      37. (  97.37 % of nodes)
ABC: Participating nodes from the second network  =      45. ( 118.42 % of nodes)
ABC: Node pairs (any polarity)                    =      37. (  97.37 % of names can be moved)
ABC: Node pairs (same polarity)                   =      34. (  89.47 % of names can be moved)
ABC: Total runtime =     0.02 sec
ABC: + write_blif <abc-temp-dir>/output.blif 

2.44.1.2. Re-integrating ABC results.
ABC RESULTS:              $lut cells:       36
ABC RESULTS:        internal signals:       51
ABC RESULTS:           input signals:       44
ABC RESULTS:          output signals:       34
Removing temp directory.
Removed 0 unused cells and 106 unused wires.

2.45. Executing TECHMAP pass (map to technology primitives).

2.45.1. Executing Verilog-2005 frontend: /home/ubuntu/Documents/oss-cad-suite/lib/../share/yosys/ecp5/cells_map.v
Parsing Verilog input from `/home/ubuntu/Documents/oss-cad-suite/lib/../share/yosys/ecp5/cells_map.v' to AST representation.
Generating RTLIL representation for module `\$_DFF_N_'.
Generating RTLIL representation for module `\$_DFF_P_'.
Generating RTLIL representation for module `\$_DFFE_NN_'.
Generating RTLIL representation for module `\$_DFFE_PN_'.
Generating RTLIL representation for module `\$_DFFE_NP_'.
Generating RTLIL representation for module `\$_DFFE_PP_'.
Generating RTLIL representation for module `\$_DFF_NP0_'.
Generating RTLIL representation for module `\$_DFF_NP1_'.
Generating RTLIL representation for module `\$_DFF_PP0_'.
Generating RTLIL representation for module `\$_DFF_PP1_'.
Generating RTLIL representation for module `\$_SDFF_NP0_'.
Generating RTLIL representation for module `\$_SDFF_NP1_'.
Generating RTLIL representation for module `\$_SDFF_PP0_'.
Generating RTLIL representation for module `\$_SDFF_PP1_'.
Generating RTLIL representation for module `\$_DFFE_NP0P_'.
Generating RTLIL representation for module `\$_DFFE_NP1P_'.
Generating RTLIL representation for module `\$_DFFE_PP0P_'.
Generating RTLIL representation for module `\$_DFFE_PP1P_'.
Generating RTLIL representation for module `\$_DFFE_NP0N_'.
Generating RTLIL representation for module `\$_DFFE_NP1N_'.
Generating RTLIL representation for module `\$_DFFE_PP0N_'.
Generating RTLIL representation for module `\$_DFFE_PP1N_'.
Generating RTLIL representation for module `\$_SDFFE_NP0P_'.
Generating RTLIL representation for module `\$_SDFFE_NP1P_'.
Generating RTLIL representation for module `\$_SDFFE_PP0P_'.
Generating RTLIL representation for module `\$_SDFFE_PP1P_'.
Generating RTLIL representation for module `\$_SDFFE_NP0N_'.
Generating RTLIL representation for module `\$_SDFFE_NP1N_'.
Generating RTLIL representation for module `\$_SDFFE_PP0N_'.
Generating RTLIL representation for module `\$_SDFFE_PP1N_'.
Generating RTLIL representation for module `\$_ALDFF_NP_'.
Generating RTLIL representation for module `\$_ALDFF_PP_'.
Generating RTLIL representation for module `\$_ALDFFE_NPN_'.
Generating RTLIL representation for module `\$_ALDFFE_NPP_'.
Generating RTLIL representation for module `\$_ALDFFE_PPN_'.
Generating RTLIL representation for module `\$_ALDFFE_PPP_'.
Generating RTLIL representation for module `\FD1P3AX'.
Generating RTLIL representation for module `\FD1P3AY'.
Generating RTLIL representation for module `\FD1P3BX'.
Generating RTLIL representation for module `\FD1P3DX'.
Generating RTLIL representation for module `\FD1P3IX'.
Generating RTLIL representation for module `\FD1P3JX'.
Generating RTLIL representation for module `\FD1S3AX'.
Generating RTLIL representation for module `\FD1S3AY'.
Generating RTLIL representation for module `\FD1S3BX'.
Generating RTLIL representation for module `\FD1S3DX'.
Generating RTLIL representation for module `\FD1S3IX'.
Generating RTLIL representation for module `\FD1S3JX'.
Generating RTLIL representation for module `\IFS1P3BX'.
Generating RTLIL representation for module `\IFS1P3DX'.
Generating RTLIL representation for module `\IFS1P3IX'.
Generating RTLIL representation for module `\IFS1P3JX'.
Generating RTLIL representation for module `\OFS1P3BX'.
Generating RTLIL representation for module `\OFS1P3DX'.
Generating RTLIL representation for module `\OFS1P3IX'.
Generating RTLIL representation for module `\OFS1P3JX'.
Generating RTLIL representation for module `\IB'.
Generating RTLIL representation for module `\IBPU'.
Generating RTLIL representation for module `\IBPD'.
Generating RTLIL representation for module `\OB'.
Generating RTLIL representation for module `\OBZ'.
Generating RTLIL representation for module `\OBZPU'.
Generating RTLIL representation for module `\OBZPD'.
Generating RTLIL representation for module `\OBCO'.
Generating RTLIL representation for module `\BB'.
Generating RTLIL representation for module `\BBPU'.
Generating RTLIL representation for module `\BBPD'.
Generating RTLIL representation for module `\ILVDS'.
Generating RTLIL representation for module `\OLVDS'.
Generating RTLIL representation for module `\$lut'.
Successfully finished Verilog frontend.

2.45.2. Continuing TECHMAP pass.
Using template $paramod$415b9dd3a15783ae56c103f189fd8e182f997441\$lut for cells of type $lut.
Using template $paramod\$lut\WIDTH=32'00000000000000000000000000000010\LUT=4'1110 for cells of type $lut.
Using template $paramod\$lut\WIDTH=32'00000000000000000000000000000010\LUT=4'0100 for cells of type $lut.
Using template $paramod\$lut\WIDTH=32'00000000000000000000000000000010\LUT=4'0110 for cells of type $lut.
Using template $paramod\$lut\WIDTH=32'00000000000000000000000000000011\LUT=8'01111000 for cells of type $lut.
Using template $paramod\$lut\WIDTH=32'00000000000000000000000000000010\LUT=4'1011 for cells of type $lut.
Using template $paramod$6e238df02989b317f10820a22773676e71120644\$lut for cells of type $lut.
Using template $paramod$658b9ed803f0d3d335616d3858b53e0a2522f1e8\$lut for cells of type $lut.
Using template $paramod\$lut\WIDTH=32'00000000000000000000000000000011\LUT=8'10000000 for cells of type $lut.
Using template $paramod\$lut\WIDTH=32'00000000000000000000000000000011\LUT=8'00001101 for cells of type $lut.
Using template $paramod\$lut\WIDTH=32'00000000000000000000000000000010\LUT=4'0001 for cells of type $lut.
Using template $paramod$2ea69c779d6c1b79ac5a87b0d1523c67d5628dba\$lut for cells of type $lut.
Using template $paramod\$lut\WIDTH=32'00000000000000000000000000000001\LUT=2'01 for cells of type $lut.
Using template $paramod$359fe4e746656bf9c72aecaff84fc7bdea9f55a5\$lut for cells of type $lut.
Using template $paramod$287fc40df277be5303029e92cf8599a6aab4ddf0\$lut for cells of type $lut.
No more expansions possible.
<suppressed ~303 debug messages>

2.46. Executing OPT_LUT_INS pass (discard unused LUT inputs).
Optimizing LUTs in top.
  Optimizing lut $abc$1129$auto$blifparse.cc:515:parse_blif$1137.genblk1.genblk1.genblk1.genblk1.genblk1.lut1 (4 -> 0)
Removed 0 unused cells and 74 unused wires.

2.47. Executing AUTONAME pass.
Renamed 511 objects in module top (18 iterations).
<suppressed ~142 debug messages>

2.48. Executing HIERARCHY pass (managing design hierarchy).

2.48.1. Analyzing design hierarchy..
Top module:  \top

2.48.2. Analyzing design hierarchy..
Top module:  \top
Removed 0 unused modules.

2.49. Printing statistics.

=== top ===

   Number of wires:                214
   Number of wire bits:            417
   Number of public wires:         214
   Number of public wire bits:     417
   Number of memories:               0
   Number of memory bits:            0
   Number of processes:              0
   Number of cells:                123
     CCU2C                          12
     LUT4                           37
     PFUMX                           1
     TRELLIS_FF                     52
     TRELLIS_IO                     21

2.50. Executing CHECK pass (checking for obvious problems).
Checking module top...
Found and reported 0 problems.

3. Executing JSON backend.

End of script. Logfile hash: 98f88c34bd, CPU: user 1.47s system 0.16s, MEM: 285.49 MB peak
Yosys 0.13+3 (git sha1 61324cf55, clang 10.0.0-4ubuntu1 -fPIC -Os)
Time spent: 48% 13x read_verilog (0 sec), 10% 25x opt_clean (0 sec), ...
